<?xml version="1.0" encoding="UTF-8" standalone="no"?>
<!DOCTYPE log SYSTEM "logger.dtd">
<log>
<record>
  <date>2022-04-26T09:27:12.178290Z</date>
  <millis>1650965232178</millis>
  <nanos>290000</nanos>
  <sequence>0</sequence>
  <logger>MojLogger</logger>
  <level>INFO</level>
  <class>sk.stu.fiit.flexemvavaprojekt.db.DbConnector</class>
  <method>&lt;init&gt;</method>
  <thread>1</thread>
  <message>DBConnector initialized</message>
</record>
<record>
  <date>2022-04-26T09:27:16.762190600Z</date>
  <millis>1650965236762</millis>
  <nanos>190600</nanos>
  <sequence>1</sequence>
  <logger>MojLogger</logger>
  <level>INFO</level>
  <class>sk.stu.fiit.flexemvavaprojekt.db.DbConnector</class>
  <method>&lt;init&gt;</method>
  <thread>1</thread>
  <message>Database connected to application</message>
</record>
</log>
